2026-02-16 23:31:01,344 - app - INFO - Загрузка модели из weights/yolov8m.pt...
2026-02-16 23:31:01,411 - app - INFO - ✅ Модель успешно загружена
2026-02-16 23:31:01,414 - app - INFO - ==================================================
2026-02-16 23:31:01,414 - app - INFO - 🚀 Запуск системы автоматизации столовой
2026-02-16 23:31:01,414 - app - INFO - ==================================================
2026-02-16 23:31:01,415 - app - INFO - Подключение к камере (ID: 0)...
2026-02-16 23:31:01,415 - app - INFO - 🌐 Веб-интерфейс доступен по адресу: http://0.0.0.0:5000
2026-02-16 23:31:01,415 - app - INFO - Нажмите Ctrl+C для остановки

2026-02-16 23:31:01,642 - app - INFO - ✅ Камера успешно подключена
2026-02-16 23:31:12,950 - app - INFO - Завершение работы системы...
2026-02-16 23:31:44,690 - app - INFO - Загрузка модели из weights/yolov8m.pt...
2026-02-16 23:31:44,746 - app - INFO - ✅ Модель успешно загружена
2026-02-16 23:31:44,748 - app - INFO - ==================================================
2026-02-16 23:31:44,748 - app - INFO - 🚀 Запуск системы автоматизации столовой
2026-02-16 23:31:44,748 - app - INFO - ==================================================
2026-02-16 23:31:44,749 - app - INFO - Подключение к камере (ID: 0)...
2026-02-16 23:31:44,749 - app - INFO - 🌐 Веб-интерфейс доступен по адресу: http://0.0.0.0:5000
2026-02-16 23:31:44,749 - app - INFO - Нажмите Ctrl+C для остановки

2026-02-16 23:31:44,958 - app - INFO - ✅ Камера успешно подключена
2026-02-16 23:32:49,192 - app - INFO - Завершение работы системы...
2026-02-16 23:38:14,904 - app - INFO - Загрузка модели из weights/yolov8m.pt...
2026-02-16 23:38:14,965 - app - INFO - ✅ Модель успешно загружена
2026-02-16 23:38:14,967 - app - INFO - ==================================================
2026-02-16 23:38:14,968 - app - INFO - 🚀 Запуск системы автоматизации столовой
2026-02-16 23:38:14,968 - app - INFO - ==================================================
2026-02-16 23:38:14,968 - app - INFO - Подключение к камере (ID: 0)...
2026-02-16 23:38:14,968 - app - INFO - 🌐 Веб-интерфейс доступен по адресу: http://0.0.0.0:5000
2026-02-16 23:38:14,969 - app - INFO - Нажмите Ctrl+C для остановки

2026-02-16 23:38:15,198 - app - INFO - ✅ Камера успешно подключена
2026-02-16 23:38:59,492 - app - INFO - Получен сигнал остановки от пользователя
2026-02-16 23:38:59,501 - app - INFO - Поток камеры остановлен
2026-02-16 23:39:01,939 - app - INFO - Завершение работы системы...
2026-02-16 23:42:44,300 - app - INFO - Загрузка модели из weights/yolov8m.pt...
2026-02-16 23:42:44,358 - app - INFO - ✅ Модель успешно загружена
2026-02-16 23:42:44,360 - app - INFO - ==================================================
2026-02-16 23:42:44,360 - app - INFO - 🚀 Запуск системы автоматизации столовой
2026-02-16 23:42:44,360 - app - INFO - ==================================================
2026-02-16 23:42:44,361 - app - INFO - Подключение к камере (ID: 0)...
2026-02-16 23:42:44,361 - app - INFO - 🌐 Веб-интерфейс доступен по адресу: http://0.0.0.0:5000
2026-02-16 23:42:44,361 - app - INFO - Нажмите Ctrl+C для остановки

2026-02-16 23:42:44,574 - app - INFO - ✅ Камера успешно подключена
2026-02-16 23:43:40,444 - app - INFO - Получен сигнал остановки от пользователя
2026-02-16 23:43:40,478 - app - INFO - Поток камеры остановлен
2026-02-16 23:43:42,586 - app - INFO - Завершение работы системы...
2026-02-16 23:48:05,303 - app - INFO - Загрузка модели из weights/yolov8m.pt...
2026-02-16 23:48:05,362 - app - INFO - ✅ Модель успешно загружена
2026-02-16 23:48:05,364 - app - INFO - ==================================================
2026-02-16 23:48:05,364 - app - INFO - 🚀 Запуск системы автоматизации столовой
2026-02-16 23:48:05,364 - app - INFO - ==================================================
2026-02-16 23:48:05,365 - app - INFO - Подключение к камере (ID: 0)...
2026-02-16 23:48:05,365 - app - INFO - 🌐 Веб-интерфейс доступен по адресу: http://0.0.0.0:5000
2026-02-16 23:48:05,365 - app - INFO - Нажмите Ctrl+C для остановки

2026-02-16 23:48:05,590 - app - INFO - ✅ Камера успешно подключена
2026-02-16 23:48:27,220 - app - INFO - Получен сигнал остановки от пользователя
2026-02-16 23:48:27,228 - app - INFO - Поток камеры остановлен
2026-02-16 23:48:28,892 - app - INFO - Завершение работы системы...
